<?xml version="1.0" encoding="UTF-8"?>
<coverage generated="1526904943388" clover="3.2.0">
  <project timestamp="1526904943388" name="All files">
    <metrics statements="23" coveredstatements="21" conditionals="8" coveredconditionals="4" methods="6" coveredmethods="6" elements="37" coveredelements="31" complexity="0" loc="23" ncloc="23" packages="1" files="1" classes="1">
      <file name="01_aquarium.js" path="/Users/martinvielvoye/Workspace/camp2_exercises/06_react_redux/01_es6_fundamentals/01_aquarium/01_aquarium.js">
        <metrics statements="23" coveredstatements="21" conditionals="8" coveredconditionals="4" methods="6" coveredmethods="6"/>
        <line num="4" count="4" type="stmt"/>
        <line num="5" count="4" type="stmt"/>
        <line num="6" count="4" type="stmt"/>
        <line num="7" count="4" type="stmt"/>
        <line num="8" count="4" type="stmt"/>
        <line num="12" count="1" type="stmt"/>
        <line num="14" count="1" type="cond" truecount="1" falsecount="1"/>
        <line num="15" count="1" type="cond" truecount="1" falsecount="1"/>
        <line num="20" count="1" type="stmt"/>
        <line num="21" count="1" type="stmt"/>
        <line num="25" count="1" type="stmt"/>
        <line num="26" count="1" type="stmt"/>
        <line num="27" count="1" type="cond" truecount="1" falsecount="1"/>
        <line num="28" count="0" type="stmt"/>
        <line num="31" count="1" type="stmt"/>
        <line num="34" count="1" type="cond" truecount="1" falsecount="1"/>
        <line num="35" count="0" type="stmt"/>
        <line num="38" count="1" type="stmt"/>
        <line num="46" count="5" type="stmt"/>
        <line num="47" count="5" type="stmt"/>
        <line num="48" count="5" type="stmt"/>
        <line num="54" count="3" type="stmt"/>
        <line num="58" count="1" type="stmt"/>
      </file>
    </metrics>
  </project>
</coverage>
