{"/Users/martinvielvoye/Workspace/camp2_exercises/06_react_redux/01_es6_fundamentals/01_aquarium/01_aquarium.js": {"path":"/Users/martinvielvoye/Workspace/camp2_exercises/06_react_redux/01_es6_fundamentals/01_aquarium/01_aquarium.js","statementMap":{"0":{"start":{"line":4,"column":4},"end":{"line":4,"column":23}},"1":{"start":{"line":5,"column":4},"end":{"line":5,"column":24}},"2":{"start":{"line":6,"column":4},"end":{"line":6,"column":25}},"3":{"start":{"line":7,"column":4},"end":{"line":7,"column":25}},"4":{"start":{"line":8,"column":4},"end":{"line":8,"column":28}},"5":{"start":{"line":12,"column":4},"end":{"line":12,"column":76}},"6":{"start":{"line":14,"column":4},"end":{"line":14,"column":61}},"7":{"start":{"line":14,"column":38},"end":{"line":14,"column":60}},"8":{"start":{"line":15,"column":4},"end":{"line":15,"column":52}},"9":{"start":{"line":15,"column":32},"end":{"line":15,"column":51}},"10":{"start":{"line":20,"column":4},"end":{"line":20,"column":28}},"11":{"start":{"line":21,"column":4},"end":{"line":21,"column":23}},"12":{"start":{"line":25,"column":4},"end":{"line":25,"column":31}},"13":{"start":{"line":26,"column":4},"end":{"line":26,"column":34}},"14":{"start":{"line":27,"column":4},"end":{"line":32,"column":5}},"15":{"start":{"line":28,"column":6},"end":{"line":28,"column":72}},"16":{"start":{"line":31,"column":6},"end":{"line":31,"column":24}},"17":{"start":{"line":34,"column":4},"end":{"line":39,"column":5}},"18":{"start":{"line":35,"column":6},"end":{"line":35,"column":63}},"19":{"start":{"line":38,"column":6},"end":{"line":38,"column":29}},"20":{"start":{"line":46,"column":4},"end":{"line":46,"column":21}},"21":{"start":{"line":47,"column":4},"end":{"line":47,"column":19}},"22":{"start":{"line":48,"column":4},"end":{"line":48,"column":25}},"23":{"start":{"line":54,"column":4},"end":{"line":54,"column":23}},"24":{"start":{"line":58,"column":0},"end":{"line":62,"column":2}}},"fnMap":{"0":{"name":"(anonymous_0)","decl":{"start":{"line":3,"column":3},"end":{"line":3,"column":4}},"loc":{"start":{"line":3,"column":27},"end":{"line":9,"column":3}},"line":3},"1":{"name":"(anonymous_1)","decl":{"start":{"line":11,"column":2},"end":{"line":11,"column":3}},"loc":{"start":{"line":11,"column":15},"end":{"line":17,"column":3}},"line":11},"2":{"name":"(anonymous_2)","decl":{"start":{"line":19,"column":2},"end":{"line":19,"column":3}},"loc":{"start":{"line":19,"column":17},"end":{"line":22,"column":3}},"line":19},"3":{"name":"(anonymous_3)","decl":{"start":{"line":24,"column":2},"end":{"line":24,"column":3}},"loc":{"start":{"line":24,"column":11},"end":{"line":40,"column":3}},"line":24},"4":{"name":"(anonymous_4)","decl":{"start":{"line":45,"column":2},"end":{"line":45,"column":3}},"loc":{"start":{"line":45,"column":32},"end":{"line":49,"column":3}},"line":45},"5":{"name":"(anonymous_5)","decl":{"start":{"line":53,"column":2},"end":{"line":53,"column":3}},"loc":{"start":{"line":53,"column":19},"end":{"line":55,"column":3}},"line":53}},"branchMap":{"0":{"loc":{"start":{"line":14,"column":4},"end":{"line":14,"column":61}},"type":"if","locations":[{"start":{"line":14,"column":4},"end":{"line":14,"column":61}},{"start":{"line":14,"column":4},"end":{"line":14,"column":61}}],"line":14},"1":{"loc":{"start":{"line":15,"column":4},"end":{"line":15,"column":52}},"type":"if","locations":[{"start":{"line":15,"column":4},"end":{"line":15,"column":52}},{"start":{"line":15,"column":4},"end":{"line":15,"column":52}}],"line":15},"2":{"loc":{"start":{"line":27,"column":4},"end":{"line":32,"column":5}},"type":"if","locations":[{"start":{"line":27,"column":4},"end":{"line":32,"column":5}},{"start":{"line":27,"column":4},"end":{"line":32,"column":5}}],"line":27},"3":{"loc":{"start":{"line":34,"column":4},"end":{"line":39,"column":5}},"type":"if","locations":[{"start":{"line":34,"column":4},"end":{"line":39,"column":5}},{"start":{"line":34,"column":4},"end":{"line":39,"column":5}}],"line":34}},"s":{"0":4,"1":4,"2":4,"3":4,"4":4,"5":1,"6":1,"7":0,"8":1,"9":0,"10":1,"11":1,"12":1,"13":1,"14":1,"15":0,"16":1,"17":1,"18":0,"19":1,"20":5,"21":5,"22":5,"23":3,"24":1},"f":{"0":4,"1":1,"2":1,"3":1,"4":5,"5":3},"b":{"0":[0,1],"1":[0,1],"2":[0,1],"3":[0,1]},"_coverageSchema":"332fd63041d2c1bcb487cc26dd0d5f7d97098a6c","hash":"91a9d3cf359c6d0813ac8393c629dd2ca0f75ff4"}
}
