TN:
SF:/Users/martinvielvoye/Workspace/camp2_exercises/06_react_redux/01_es6_fundamentals/01_aquarium/01_aquarium.js
FN:3,(anonymous_0)
FN:11,(anonymous_1)
FN:19,(anonymous_2)
FN:24,(anonymous_3)
FN:45,(anonymous_4)
FN:53,(anonymous_5)
FNF:6
FNH:6
FNDA:4,(anonymous_0)
FNDA:1,(anonymous_1)
FNDA:1,(anonymous_2)
FNDA:1,(anonymous_3)
FNDA:5,(anonymous_4)
FNDA:3,(anonymous_5)
DA:4,4
DA:5,4
DA:6,4
DA:7,4
DA:8,4
DA:12,1
DA:14,1
DA:15,1
DA:20,1
DA:21,1
DA:25,1
DA:26,1
DA:27,1
DA:28,0
DA:31,1
DA:34,1
DA:35,0
DA:38,1
DA:46,5
DA:47,5
DA:48,5
DA:54,3
DA:58,1
LF:23
LH:21
BRDA:14,0,0,0
BRDA:14,0,1,1
BRDA:15,1,0,0
BRDA:15,1,1,1
BRDA:27,2,0,0
BRDA:27,2,1,1
BRDA:34,3,0,0
BRDA:34,3,1,1
BRF:8
BRH:4
end_of_record
